# JRE version: Java(TM) SE Runtime Environment (8.0_91-b14) (build 1.8.0_91-b14)
# Java VM: Java HotSpot(TM) Server VM (25.91-b14 mixed mode linux-x86 )
Heap:
 PSYoungGen      total 127744K, used 54145K [0x9c8c0000, 0xa4c80000, 0xa7000000)
  eden space 124160K, 43% used [0x9c8c0000,0x9fd87278,0xa4200000)
  from space 3584K, 2% used [0xa4900000,0xa49192a8,0xa4c80000)
  to   space 5376K, 0% used [0xa4200000,0xa4200000,0xa4740000)
 ParOldGen       total 20992K, used 10820K [0x87a00000, 0x88e80000, 0x9c8c0000)
  object space 20992K, 51% used [0x87a00000,0x884911c0,0x88e80000)
 Metaspace       used 20088K, capacity 20357K, committed 20480K, reserved 20784K
GC Heap History (10 events):
Event: 29,318 GC heap before
{Heap before GC invocations=11 (full 0):
 PSYoungGen      total 56832K, used 52621K [0x9c8c0000, 0xa0480000, 0xa7000000)
  eden space 52480K, 100% used [0x9c8c0000,0x9fc00000,0x9fc00000)
  from space 4352K, 3% used [0xa0040000,0xa0063718,0xa0480000)
  to   space 4352K, 0% used [0x9fc00000,0x9fc00000,0xa0040000)
 ParOldGen       total 22016K, used 6488K [0x87a00000, 0x88f80000, 0x9c8c0000)
  object space 22016K, 29% used [0x87a00000,0x880561c8,0x88f80000)
 Metaspace       used 13711K, capacity 13896K, committed 13976K, reserved 14640K
Event: 29,351 GC heap after
Heap after GC invocations=11 (full 0):
 PSYoungGen      total 56832K, used 96K [0x9c8c0000, 0xa2340000, 0xa7000000)
  eden space 52480K, 0% used [0x9c8c0000,0x9c8c0000,0x9fc00000)
  from space 4352K, 2% used [0x9fc00000,0x9fc18000,0xa0040000)
  to   space 4352K, 0% used [0xa1f00000,0xa1f00000,0xa2340000)
 ParOldGen       total 22016K, used 6552K [0x87a00000, 0x88f80000, 0x9c8c0000)
  object space 22016K, 29% used [0x87a00000,0x880661c8,0x88f80000)
 Metaspace       used 13711K, capacity 13896K, committed 13976K, reserved 14640K
}
Event: 34,289 GC heap before
{Heap before GC invocations=12 (full 0):
 PSYoungGen      total 56832K, used 34256K [0x9c8c0000, 0xa2340000, 0xa7000000)
  eden space 52480K, 65% used [0x9c8c0000,0x9ea1c2f0,0x9fc00000)
  from space 4352K, 2% used [0x9fc00000,0x9fc18000,0xa0040000)
  to   space 4352K, 0% used [0xa1f00000,0xa1f00000,0xa2340000)
 ParOldGen       total 22016K, used 6552K [0x87a00000, 0x88f80000, 0x9c8c0000)
  object space 22016K, 29% used [0x87a00000,0x880661c8,0x88f80000)
 Metaspace       used 16115K, capacity 16367K, committed 16384K, reserved 16688K
Event: 34,311 GC heap after
Heap after GC invocations=12 (full 0):
 PSYoungGen      total 88064K, used 3295K [0x9c8c0000, 0xa23c0000, 0xa7000000)
  eden space 83712K, 0% used [0x9c8c0000,0x9c8c0000,0xa1a80000)
  from space 4352K, 75% used [0xa1f00000,0xa2237d10,0xa2340000)
  to   space 4608K, 0% used [0xa1a80000,0xa1a80000,0xa1f00000)
 ParOldGen       total 22016K, used 6592K [0x87a00000, 0x88f80000, 0x9c8c0000)
  object space 22016K, 29% used [0x87a00000,0x880701d8,0x88f80000)
 Metaspace       used 16115K, capacity 16367K, committed 16384K, reserved 16688K
}
Event: 34,311 GC heap before
{Heap before GC invocations=13 (full 1):
 PSYoungGen      total 88064K, used 3295K [0x9c8c0000, 0xa23c0000, 0xa7000000)
  eden space 83712K, 0% used [0x9c8c0000,0x9c8c0000,0xa1a80000)
  from space 4352K, 75% used [0xa1f00000,0xa2237d10,0xa2340000)
  to   space 4608K, 0% used [0xa1a80000,0xa1a80000,0xa1f00000)
 ParOldGen       total 22016K, used 6592K [0x87a00000, 0x88f80000, 0x9c8c0000)
  object space 22016K, 29% used [0x87a00000,0x880701d8,0x88f80000)
 Metaspace       used 16115K, capacity 16367K, committed 16384K, reserved 16688K
Event: 34,474 GC heap after
Heap after GC invocations=13 (full 1):
 PSYoungGen      total 88064K, used 0K [0x9c8c0000, 0xa23c0000, 0xa7000000)
  eden space 83712K, 0% used [0x9c8c0000,0x9c8c0000,0xa1a80000)
  from space 4352K, 0% used [0xa1f00000,0xa1f00000,0xa2340000)
  to   space 4608K, 0% used [0xa1a80000,0xa1a80000,0xa1f00000)
 ParOldGen       total 20992K, used 9268K [0x87a00000, 0x88e80000, 0x9c8c0000)
  object space 20992K, 44% used [0x87a00000,0x8830d160,0x88e80000)
 Metaspace       used 16115K, capacity 16367K, committed 16384K, reserved 16688K
}
Event: 38,516 GC heap before
{Heap before GC invocations=14 (full 1):
 PSYoungGen      total 88064K, used 83712K [0x9c8c0000, 0xa23c0000, 0xa7000000)
  eden space 83712K, 100% used [0x9c8c0000,0xa1a80000,0xa1a80000)
  from space 4352K, 0% used [0xa1f00000,0xa1f00000,0xa2340000)
  to   space 4608K, 0% used [0xa1a80000,0xa1a80000,0xa1f00000)
 ParOldGen       total 20992K, used 9268K [0x87a00000, 0x88e80000, 0x9c8c0000)
  object space 20992K, 44% used [0x87a00000,0x8830d160,0x88e80000)
 Metaspace       used 20011K, capacity 20293K, committed 20352K, reserved 20784K
Event: 38,590 GC heap after
Heap after GC invocations=14 (full 1):
 PSYoungGen      total 88320K, used 3985K [0x9c8c0000, 0xa4e40000, 0xa7000000)
  eden space 83712K, 0% used [0x9c8c0000,0x9c8c0000,0xa1a80000)
  from space 4608K, 86% used [0xa1a80000,0xa1e64610,0xa1f00000)
  to   space 5376K, 0% used [0xa4900000,0xa4900000,0xa4e40000)
 ParOldGen       total 20992K, used 9336K [0x87a00000, 0x88e80000, 0x9c8c0000)
  object space 20992K, 44% used [0x87a00000,0x8831e170,0x88e80000)
 Metaspace       used 20011K, capacity 20293K, committed 20352K, reserved 20784K
}
Event: 47,842 GC heap before
{Heap before GC invocations=15 (full 1):
 PSYoungGen      total 88320K, used 87697K [0x9c8c0000, 0xa4e40000, 0xa7000000)
  eden space 83712K, 100% used [0x9c8c0000,0xa1a80000,0xa1a80000)
  from space 4608K, 86% used [0xa1a80000,0xa1e64610,0xa1f00000)
  to   space 5376K, 0% used [0xa4900000,0xa4900000,0xa4e40000)
 ParOldGen       total 20992K, used 9336K [0x87a00000, 0x88e80000, 0x9c8c0000)
  object space 20992K, 44% used [0x87a00000,0x8831e170,0x88e80000)
 Metaspace       used 20038K, capacity 20325K, committed 20352K, reserved 20784K
Event: 47,882 GC heap after
Heap after GC invocations=15 (full 1):
 PSYoungGen      total 127744K, used 100K [0x9c8c0000, 0xa4c80000, 0xa7000000)
  eden space 124160K, 0% used [0x9c8c0000,0x9c8c0000,0xa4200000)
  from space 3584K, 2% used [0xa4900000,0xa49192a8,0xa4c80000)
  to   space 5376K, 0% used [0xa4200000,0xa4200000,0xa4740000)
 ParOldGen       total 20992K, used 10820K [0x87a00000, 0x88e80000, 0x9c8c0000)
  object space 20992K, 51% used [0x87a00000,0x884911c0,0x88e80000)
 Metaspace       used 20038K, capacity 20325K, committed 20352K, reserved 20784K
}

